# JRE version: OpenJDK Runtime Environment Temurin-21.0.10+7 (21.0.10+7) (build 21.0.10+7-LTS)
# Java VM: OpenJDK 64-Bit Server VM Temurin-21.0.10+7 (21.0.10+7-LTS, mixed mode, sharing, tiered, compressed oops, compressed class ptrs, parallel gc, windows-amd64)
GC Precious Log:
 CardTable entry size: 512
 CPUs: 22 total, 22 available
 Memory: 15828M
 Large Page Support: Disabled
 NUMA Support: Disabled
 Compressed Oops: Enabled (32-bit)
 Alignments: Space 512K, Generation 512K, Heap 2M
 Heap Min Capacity: 100M
 Heap Initial Capacity: 100M
 Heap Max Capacity: 2G
 Pre-touch: Disabled
 Parallel Workers: 16
Heap:
 PSYoungGen      total 4608K, used 2853K [0x00000000d5580000, 0x00000000d5b00000, 0x0000000100000000)
  eden space 3584K, 66% used [0x00000000d5580000,0x00000000d57d16d0,0x00000000d5900000)
  from space 1024K, 46% used [0x00000000d5a00000,0x00000000d5a78000,0x00000000d5b00000)
  to   space 1024K, 0% used [0x00000000d5900000,0x00000000d5900000,0x00000000d5a00000)
 ParOldGen       total 111616K, used 111278K [0x0000000080000000, 0x0000000086d00000, 0x00000000d5580000)
  object space 111616K, 99% used [0x0000000080000000,0x0000000086cabb90,0x0000000086d00000)
 Metaspace       used 75575K, committed 77248K, reserved 1179648K
  class space    used 7850K, committed 8576K, reserved 1048576K
GC Heap History (20 events):
Event: 64.163 GC heap before
{Heap before GC invocations=121 (full 3):
 PSYoungGen      total 4608K, used 4224K [0x00000000d5580000, 0x00000000d5c00000, 0x0000000100000000)
  eden space 3584K, 100% used [0x00000000d5580000,0x00000000d5900000,0x00000000d5900000)
  from space 1024K, 62% used [0x00000000d5900000,0x00000000d59a0000,0x00000000d5a00000)
  to   space 1536K, 0% used [0x00000000d5a80000,0x00000000d5a80000,0x00000000d5c00000)
 ParOldGen       total 106496K, used 106191K [0x0000000080000000, 0x0000000086800000, 0x00000000d5580000)
  object space 106496K, 99% used [0x0000000080000000,0x00000000867b3cd8,0x0000000086800000)
 Metaspace       used 75046K, committed 76672K, reserved 1179648K
  class space    used 7783K, committed 8512K, reserved 1048576K
}
Event: 64.164 GC heap after
{Heap after GC invocations=121 (full 3):
 PSYoungGen      total 4608K, used 572K [0x00000000d5580000, 0x00000000d5b80000, 0x0000000100000000)
  eden space 3584K, 0% used [0x00000000d5580000,0x00000000d5580000,0x00000000d5900000)
  from space 1024K, 55% used [0x00000000d5a80000,0x00000000d5b0f170,0x00000000d5b80000)
  to   space 1024K, 0% used [0x00000000d5900000,0x00000000d5900000,0x00000000d5a00000)
 ParOldGen       total 107008K, used 106595K [0x0000000080000000, 0x0000000086880000, 0x00000000d5580000)
  object space 107008K, 99% used [0x0000000080000000,0x0000000086818ce8,0x0000000086880000)
 Metaspace       used 75046K, committed 76672K, reserved 1179648K
  class space    used 7783K, committed 8512K, reserved 1048576K
}
Event: 64.205 GC heap before
{Heap before GC invocations=122 (full 3):
 PSYoungGen      total 4608K, used 4156K [0x00000000d5580000, 0x00000000d5b80000, 0x0000000100000000)
  eden space 3584K, 100% used [0x00000000d5580000,0x00000000d5900000,0x00000000d5900000)
  from space 1024K, 55% used [0x00000000d5a80000,0x00000000d5b0f170,0x00000000d5b80000)
  to   space 1024K, 0% used [0x00000000d5900000,0x00000000d5900000,0x00000000d5a00000)
 ParOldGen       total 107008K, used 106595K [0x0000000080000000, 0x0000000086880000, 0x00000000d5580000)
  object space 107008K, 99% used [0x0000000080000000,0x0000000086818ce8,0x0000000086880000)
 Metaspace       used 75332K, committed 76992K, reserved 1179648K
  class space    used 7813K, committed 8576K, reserved 1048576K
}
Event: 64.208 GC heap after
{Heap after GC invocations=122 (full 3):
 PSYoungGen      total 4608K, used 416K [0x00000000d5580000, 0x00000000d5b00000, 0x0000000100000000)
  eden space 3584K, 0% used [0x00000000d5580000,0x00000000d5580000,0x00000000d5900000)
  from space 1024K, 40% used [0x00000000d5900000,0x00000000d5968000,0x00000000d5a00000)
  to   space 512K, 0% used [0x00000000d5a80000,0x00000000d5a80000,0x00000000d5b00000)
 ParOldGen       total 107008K, used 106872K [0x0000000080000000, 0x0000000086880000, 0x00000000d5580000)
  object space 107008K, 99% used [0x0000000080000000,0x000000008685e148,0x0000000086880000)
 Metaspace       used 75332K, committed 76992K, reserved 1179648K
  class space    used 7813K, committed 8576K, reserved 1048576K
}
Event: 64.224 GC heap before
{Heap before GC invocations=123 (full 3):
 PSYoungGen      total 4608K, used 4000K [0x00000000d5580000, 0x00000000d5b00000, 0x0000000100000000)
  eden space 3584K, 100% used [0x00000000d5580000,0x00000000d5900000,0x00000000d5900000)
  from space 1024K, 40% used [0x00000000d5900000,0x00000000d5968000,0x00000000d5a00000)
  to   space 512K, 0% used [0x00000000d5a80000,0x00000000d5a80000,0x00000000d5b00000)
 ParOldGen       total 107008K, used 106872K [0x0000000080000000, 0x0000000086880000, 0x00000000d5580000)
  object space 107008K, 99% used [0x0000000080000000,0x000000008685e148,0x0000000086880000)
 Metaspace       used 75379K, committed 77056K, reserved 1179648K
  class space    used 7823K, committed 8576K, reserved 1048576K
}
Event: 64.225 GC heap after
{Heap after GC invocations=123 (full 3):
 PSYoungGen      total 4096K, used 480K [0x00000000d5580000, 0x00000000d5b00000, 0x0000000100000000)
  eden space 3584K, 0% used [0x00000000d5580000,0x00000000d5580000,0x00000000d5900000)
  from space 512K, 93% used [0x00000000d5a80000,0x00000000d5af8000,0x00000000d5b00000)
  to   space 512K, 0% used [0x00000000d5a00000,0x00000000d5a00000,0x00000000d5a80000)
 ParOldGen       total 107008K, used 107000K [0x0000000080000000, 0x0000000086880000, 0x00000000d5580000)
  object space 107008K, 99% used [0x0000000080000000,0x000000008687e148,0x0000000086880000)
 Metaspace       used 75379K, committed 77056K, reserved 1179648K
  class space    used 7823K, committed 8576K, reserved 1048576K
}
Event: 64.466 GC heap before
{Heap before GC invocations=124 (full 3):
 PSYoungGen      total 4096K, used 4064K [0x00000000d5580000, 0x00000000d5b00000, 0x0000000100000000)
  eden space 3584K, 100% used [0x00000000d5580000,0x00000000d5900000,0x00000000d5900000)
  from space 512K, 93% used [0x00000000d5a80000,0x00000000d5af8000,0x00000000d5b00000)
  to   space 512K, 0% used [0x00000000d5a00000,0x00000000d5a00000,0x00000000d5a80000)
 ParOldGen       total 107008K, used 107000K [0x0000000080000000, 0x0000000086880000, 0x00000000d5580000)
  object space 107008K, 99% used [0x0000000080000000,0x000000008687e148,0x0000000086880000)
 Metaspace       used 75381K, committed 77056K, reserved 1179648K
  class space    used 7823K, committed 8576K, reserved 1048576K
}
Event: 64.467 GC heap after
{Heap after GC invocations=124 (full 3):
 PSYoungGen      total 4096K, used 496K [0x00000000d5580000, 0x00000000d5c00000, 0x0000000100000000)
  eden space 3584K, 0% used [0x00000000d5580000,0x00000000d5580000,0x00000000d5900000)
  from space 512K, 96% used [0x00000000d5a00000,0x00000000d5a7c010,0x00000000d5a80000)
  to   space 1536K, 0% used [0x00000000d5a80000,0x00000000d5a80000,0x00000000d5c00000)
 ParOldGen       total 108032K, used 107532K [0x0000000080000000, 0x0000000086980000, 0x00000000d5580000)
  object space 108032K, 99% used [0x0000000080000000,0x0000000086903158,0x0000000086980000)
 Metaspace       used 75381K, committed 77056K, reserved 1179648K
  class space    used 7823K, committed 8576K, reserved 1048576K
}
Event: 64.481 GC heap before
{Heap before GC invocations=125 (full 3):
 PSYoungGen      total 4096K, used 4080K [0x00000000d5580000, 0x00000000d5c00000, 0x0000000100000000)
  eden space 3584K, 100% used [0x00000000d5580000,0x00000000d5900000,0x00000000d5900000)
  from space 512K, 96% used [0x00000000d5a00000,0x00000000d5a7c010,0x00000000d5a80000)
  to   space 1536K, 0% used [0x00000000d5a80000,0x00000000d5a80000,0x00000000d5c00000)
 ParOldGen       total 108032K, used 107532K [0x0000000080000000, 0x0000000086980000, 0x00000000d5580000)
  object space 108032K, 99% used [0x0000000080000000,0x0000000086903158,0x0000000086980000)
 Metaspace       used 75392K, committed 77056K, reserved 1179648K
  class space    used 7823K, committed 8576K, reserved 1048576K
}
Event: 64.482 GC heap after
{Heap after GC invocations=125 (full 3):
 PSYoungGen      total 5120K, used 1328K [0x00000000d5580000, 0x00000000d5c00000, 0x0000000100000000)
  eden space 3584K, 0% used [0x00000000d5580000,0x00000000d5580000,0x00000000d5900000)
  from space 1536K, 86% used [0x00000000d5a80000,0x00000000d5bcc010,0x00000000d5c00000)
  to   space 1536K, 0% used [0x00000000d5900000,0x00000000d5900000,0x00000000d5a80000)
 ParOldGen       total 108544K, used 108063K [0x0000000080000000, 0x0000000086a00000, 0x00000000d5580000)
  object space 108544K, 99% used [0x0000000080000000,0x0000000086987d38,0x0000000086a00000)
 Metaspace       used 75392K, committed 77056K, reserved 1179648K
  class space    used 7823K, committed 8576K, reserved 1048576K
}
Event: 64.497 GC heap before
{Heap before GC invocations=126 (full 3):
 PSYoungGen      total 5120K, used 4912K [0x00000000d5580000, 0x00000000d5c00000, 0x0000000100000000)
  eden space 3584K, 100% used [0x00000000d5580000,0x00000000d5900000,0x00000000d5900000)
  from space 1536K, 86% used [0x00000000d5a80000,0x00000000d5bcc010,0x00000000d5c00000)
  to   space 1536K, 0% used [0x00000000d5900000,0x00000000d5900000,0x00000000d5a80000)
 ParOldGen       total 108544K, used 108063K [0x0000000080000000, 0x0000000086a00000, 0x00000000d5580000)
  object space 108544K, 99% used [0x0000000080000000,0x0000000086987d38,0x0000000086a00000)
 Metaspace       used 75407K, committed 77056K, reserved 1179648K
  class space    used 7823K, committed 8576K, reserved 1048576K
}
Event: 64.498 GC heap after
{Heap after GC invocations=126 (full 3):
 PSYoungGen      total 4096K, used 352K [0x00000000d5580000, 0x00000000d5b00000, 0x0000000100000000)
  eden space 3584K, 0% used [0x00000000d5580000,0x00000000d5580000,0x00000000d5900000)
  from space 512K, 68% used [0x00000000d5900000,0x00000000d5958000,0x00000000d5980000)
  to   space 1024K, 0% used [0x00000000d5a00000,0x00000000d5a00000,0x00000000d5b00000)
 ParOldGen       total 109056K, used 108691K [0x0000000080000000, 0x0000000086a80000, 0x00000000d5580000)
  object space 109056K, 99% used [0x0000000080000000,0x0000000086a24d48,0x0000000086a80000)
 Metaspace       used 75407K, committed 77056K, reserved 1179648K
  class space    used 7823K, committed 8576K, reserved 1048576K
}
Event: 64.519 GC heap before
{Heap before GC invocations=127 (full 3):
 PSYoungGen      total 4096K, used 3936K [0x00000000d5580000, 0x00000000d5b00000, 0x0000000100000000)
  eden space 3584K, 100% used [0x00000000d5580000,0x00000000d5900000,0x00000000d5900000)
  from space 512K, 68% used [0x00000000d5900000,0x00000000d5958000,0x00000000d5980000)
  to   space 1024K, 0% used [0x00000000d5a00000,0x00000000d5a00000,0x00000000d5b00000)
 ParOldGen       total 109056K, used 108691K [0x0000000080000000, 0x0000000086a80000, 0x00000000d5580000)
  object space 109056K, 99% used [0x0000000080000000,0x0000000086a24d48,0x0000000086a80000)
 Metaspace       used 75443K, committed 77120K, reserved 1179648K
  class space    used 7826K, committed 8576K, reserved 1048576K
}
Event: 64.521 GC heap after
{Heap after GC invocations=127 (full 3):
 PSYoungGen      total 4096K, used 448K [0x00000000d5580000, 0x00000000d5a80000, 0x0000000100000000)
  eden space 3584K, 0% used [0x00000000d5580000,0x00000000d5580000,0x00000000d5900000)
  from space 512K, 87% used [0x00000000d5a00000,0x00000000d5a70000,0x00000000d5a80000)
  to   space 512K, 0% used [0x00000000d5900000,0x00000000d5900000,0x00000000d5980000)
 ParOldGen       total 109056K, used 108779K [0x0000000080000000, 0x0000000086a80000, 0x00000000d5580000)
  object space 109056K, 99% used [0x0000000080000000,0x0000000086a3ad48,0x0000000086a80000)
 Metaspace       used 75443K, committed 77120K, reserved 1179648K
  class space    used 7826K, committed 8576K, reserved 1048576K
}
Event: 64.556 GC heap before
{Heap before GC invocations=128 (full 3):
 PSYoungGen      total 4096K, used 4032K [0x00000000d5580000, 0x00000000d5a80000, 0x0000000100000000)
  eden space 3584K, 100% used [0x00000000d5580000,0x00000000d5900000,0x00000000d5900000)
  from space 512K, 87% used [0x00000000d5a00000,0x00000000d5a70000,0x00000000d5a80000)
  to   space 512K, 0% used [0x00000000d5900000,0x00000000d5900000,0x00000000d5980000)
 ParOldGen       total 109056K, used 108779K [0x0000000080000000, 0x0000000086a80000, 0x00000000d5580000)
  object space 109056K, 99% used [0x0000000080000000,0x0000000086a3ad48,0x0000000086a80000)
 Metaspace       used 75540K, committed 77184K, reserved 1179648K
  class space    used 7850K, committed 8576K, reserved 1048576K
}
Event: 66.558 GC heap after
{Heap after GC invocations=128 (full 3):
 PSYoungGen      total 4096K, used 508K [0x00000000d5580000, 0x00000000d5a80000, 0x0000000100000000)
  eden space 3584K, 0% used [0x00000000d5580000,0x00000000d5580000,0x00000000d5900000)
  from space 512K, 99% used [0x00000000d5900000,0x00000000d597f3c0,0x00000000d5980000)
  to   space 512K, 0% used [0x00000000d5a00000,0x00000000d5a00000,0x00000000d5a80000)
 ParOldGen       total 110592K, used 110184K [0x0000000080000000, 0x0000000086c00000, 0x00000000d5580000)
  object space 110592K, 99% used [0x0000000080000000,0x0000000086b9a180,0x0000000086c00000)
 Metaspace       used 75540K, committed 77184K, reserved 1179648K
  class space    used 7850K, committed 8576K, reserved 1048576K
}
Event: 66.574 GC heap before
{Heap before GC invocations=129 (full 3):
 PSYoungGen      total 4096K, used 4092K [0x00000000d5580000, 0x00000000d5a80000, 0x0000000100000000)
  eden space 3584K, 100% used [0x00000000d5580000,0x00000000d5900000,0x00000000d5900000)
  from space 512K, 99% used [0x00000000d5900000,0x00000000d597f3c0,0x00000000d5980000)
  to   space 512K, 0% used [0x00000000d5a00000,0x00000000d5a00000,0x00000000d5a80000)
 ParOldGen       total 110592K, used 110184K [0x0000000080000000, 0x0000000086c00000, 0x00000000d5580000)
  object space 110592K, 99% used [0x0000000080000000,0x0000000086b9a180,0x0000000086c00000)
 Metaspace       used 75551K, committed 77184K, reserved 1179648K
  class space    used 7850K, committed 8576K, reserved 1048576K
}
Event: 66.576 GC heap after
{Heap after GC invocations=129 (full 3):
 PSYoungGen      total 4096K, used 512K [0x00000000d5580000, 0x00000000d5b00000, 0x0000000100000000)
  eden space 3584K, 0% used [0x00000000d5580000,0x00000000d5580000,0x00000000d5900000)
  from space 512K, 100% used [0x00000000d5a00000,0x00000000d5a80000,0x00000000d5a80000)
  to   space 1024K, 0% used [0x00000000d5900000,0x00000000d5900000,0x00000000d5a00000)
 ParOldGen       total 111104K, used 110749K [0x0000000080000000, 0x0000000086c80000, 0x00000000d5580000)
  object space 111104K, 99% used [0x0000000080000000,0x0000000086c27458,0x0000000086c80000)
 Metaspace       used 75551K, committed 77184K, reserved 1179648K
  class space    used 7850K, committed 8576K, reserved 1048576K
}
Event: 66.585 GC heap before
{Heap before GC invocations=130 (full 3):
 PSYoungGen      total 4096K, used 4096K [0x00000000d5580000, 0x00000000d5b00000, 0x0000000100000000)
  eden space 3584K, 100% used [0x00000000d5580000,0x00000000d5900000,0x00000000d5900000)
  from space 512K, 100% used [0x00000000d5a00000,0x00000000d5a80000,0x00000000d5a80000)
  to   space 1024K, 0% used [0x00000000d5900000,0x00000000d5900000,0x00000000d5a00000)
 ParOldGen       total 111104K, used 110749K [0x0000000080000000, 0x0000000086c80000, 0x00000000d5580000)
  object space 111104K, 99% used [0x0000000080000000,0x0000000086c27458,0x0000000086c80000)
 Metaspace       used 75556K, committed 77184K, reserved 1179648K
  class space    used 7850K, committed 8576K, reserved 1048576K
}
Event: 66.593 GC heap after
{Heap after GC invocations=130 (full 3):
 PSYoungGen      total 4608K, used 768K [0x00000000d5580000, 0x00000000d5b00000, 0x0000000100000000)
  eden space 3584K, 0% used [0x00000000d5580000,0x00000000d5580000,0x00000000d5900000)
  from space 1024K, 75% used [0x00000000d5900000,0x00000000d59c0018,0x00000000d5a00000)
  to   space 1024K, 0% used [0x00000000d5a00000,0x00000000d5a00000,0x00000000d5b00000)
 ParOldGen       total 111104K, used 111054K [0x0000000080000000, 0x0000000086c80000, 0x00000000d5580000)
  object space 111104K, 99% used [0x0000000080000000,0x0000000086c73b90,0x0000000086c80000)
 Metaspace       used 75556K, committed 77184K, reserved 1179648K
  class space    used 7850K, committed 8576K, reserved 1048576K
}

