# JRE version: OpenJDK Runtime Environment Temurin-21.0.10+7 (21.0.10+7) (build 21.0.10+7-LTS)
# Java VM: OpenJDK 64-Bit Server VM Temurin-21.0.10+7 (21.0.10+7-LTS, mixed mode, sharing, tiered, compressed oops, compressed class ptrs, parallel gc, windows-amd64)
GC Precious Log:
 CardTable entry size: 512
 CPUs: 22 total, 22 available
 Memory: 15828M
 Large Page Support: Disabled
 NUMA Support: Disabled
 Compressed Oops: Enabled (32-bit)
 Alignments: Space 512K, Generation 512K, Heap 2M
 Heap Min Capacity: 100M
 Heap Initial Capacity: 100M
 Heap Max Capacity: 2G
 Pre-touch: Disabled
 Parallel Workers: 16
Heap:
 PSYoungGen      total 16896K, used 11927K [0x00000000d5580000, 0x00000000d6780000, 0x0000000100000000)
  eden space 15360K, 77% used [0x00000000d5580000,0x00000000d6125e88,0x00000000d6480000)
  from space 1536K, 0% used [0x00000000d6480000,0x00000000d6480000,0x00000000d6600000)
  to   space 1024K, 0% used [0x00000000d6680000,0x00000000d6680000,0x00000000d6780000)
 ParOldGen       total 68608K, used 47630K [0x0000000080000000, 0x0000000084300000, 0x00000000d5580000)
  object space 68608K, 69% used [0x0000000080000000,0x0000000082e83b48,0x0000000084300000)
 Metaspace       used 59329K, committed 60672K, reserved 1114112K
  class space    used 6321K, committed 6912K, reserved 1048576K
GC Heap History (20 events):
Event: 6.029 GC heap before
{Heap before GC invocations=31 (full 2):
 PSYoungGen      total 18944K, used 18925K [0x00000000d5580000, 0x00000000d7b00000, 0x0000000100000000)
  eden space 16384K, 100% used [0x00000000d5580000,0x00000000d6580000,0x00000000d6580000)
  from space 2560K, 99% used [0x00000000d6d80000,0x00000000d6ffb568,0x00000000d7000000)
  to   space 8192K, 0% used [0x00000000d6580000,0x00000000d6580000,0x00000000d6d80000)
 ParOldGen       total 68608K, used 43985K [0x0000000080000000, 0x0000000084300000, 0x00000000d5580000)
  object space 68608K, 64% used [0x0000000080000000,0x0000000082af4660,0x0000000084300000)
 Metaspace       used 51272K, committed 52544K, reserved 1114112K
  class space    used 5414K, committed 6016K, reserved 1048576K
}
Event: 6.032 GC heap after
{Heap after GC invocations=31 (full 2):
 PSYoungGen      total 17920K, used 1152K [0x00000000d5580000, 0x00000000d6e00000, 0x0000000100000000)
  eden space 16384K, 0% used [0x00000000d5580000,0x00000000d5580000,0x00000000d6580000)
  from space 1536K, 75% used [0x00000000d6580000,0x00000000d66a0020,0x00000000d6700000)
  to   space 3584K, 0% used [0x00000000d6a80000,0x00000000d6a80000,0x00000000d6e00000)
 ParOldGen       total 68608K, used 46549K [0x0000000080000000, 0x0000000084300000, 0x00000000d5580000)
  object space 68608K, 67% used [0x0000000080000000,0x0000000082d75718,0x0000000084300000)
 Metaspace       used 51272K, committed 52544K, reserved 1114112K
  class space    used 5414K, committed 6016K, reserved 1048576K
}
Event: 6.137 GC heap before
{Heap before GC invocations=32 (full 2):
 PSYoungGen      total 17920K, used 17528K [0x00000000d5580000, 0x00000000d6e00000, 0x0000000100000000)
  eden space 16384K, 99% used [0x00000000d5580000,0x00000000d657e150,0x00000000d6580000)
  from space 1536K, 75% used [0x00000000d6580000,0x00000000d66a0020,0x00000000d6700000)
  to   space 3584K, 0% used [0x00000000d6a80000,0x00000000d6a80000,0x00000000d6e00000)
 ParOldGen       total 68608K, used 46549K [0x0000000080000000, 0x0000000084300000, 0x00000000d5580000)
  object space 68608K, 67% used [0x0000000080000000,0x0000000082d75718,0x0000000084300000)
 Metaspace       used 51933K, committed 53312K, reserved 1114112K
  class space    used 5505K, committed 6144K, reserved 1048576K
}
Event: 6.139 GC heap after
{Heap after GC invocations=32 (full 2):
 PSYoungGen      total 18432K, used 1601K [0x00000000d5580000, 0x00000000d6c80000, 0x0000000100000000)
  eden space 16384K, 0% used [0x00000000d5580000,0x00000000d5580000,0x00000000d6580000)
  from space 2048K, 78% used [0x00000000d6a80000,0x00000000d6c106d8,0x00000000d6c80000)
  to   space 2048K, 0% used [0x00000000d6880000,0x00000000d6880000,0x00000000d6a80000)
 ParOldGen       total 68608K, used 47293K [0x0000000080000000, 0x0000000084300000, 0x00000000d5580000)
  object space 68608K, 68% used [0x0000000080000000,0x0000000082e2f738,0x0000000084300000)
 Metaspace       used 51933K, committed 53312K, reserved 1114112K
  class space    used 5505K, committed 6144K, reserved 1048576K
}
Event: 6.228 GC heap before
{Heap before GC invocations=33 (full 2):
 PSYoungGen      total 18432K, used 17985K [0x00000000d5580000, 0x00000000d6c80000, 0x0000000100000000)
  eden space 16384K, 100% used [0x00000000d5580000,0x00000000d6580000,0x00000000d6580000)
  from space 2048K, 78% used [0x00000000d6a80000,0x00000000d6c106d8,0x00000000d6c80000)
  to   space 2048K, 0% used [0x00000000d6880000,0x00000000d6880000,0x00000000d6a80000)
 ParOldGen       total 68608K, used 47293K [0x0000000080000000, 0x0000000084300000, 0x00000000d5580000)
  object space 68608K, 68% used [0x0000000080000000,0x0000000082e2f738,0x0000000084300000)
 Metaspace       used 52477K, committed 53824K, reserved 1114112K
  class space    used 5563K, committed 6208K, reserved 1048576K
}
Event: 6.231 GC heap after
{Heap after GC invocations=33 (full 2):
 PSYoungGen      total 18432K, used 2043K [0x00000000d5580000, 0x00000000d6f80000, 0x0000000100000000)
  eden space 16384K, 0% used [0x00000000d5580000,0x00000000d5580000,0x00000000d6580000)
  from space 2048K, 99% used [0x00000000d6880000,0x00000000d6a7ed88,0x00000000d6a80000)
  to   space 5120K, 0% used [0x00000000d6a80000,0x00000000d6a80000,0x00000000d6f80000)
 ParOldGen       total 68608K, used 49821K [0x0000000080000000, 0x0000000084300000, 0x00000000d5580000)
  object space 68608K, 72% used [0x0000000080000000,0x00000000830a76b8,0x0000000084300000)
 Metaspace       used 52477K, committed 53824K, reserved 1114112K
  class space    used 5563K, committed 6208K, reserved 1048576K
}
Event: 6.348 GC heap before
{Heap before GC invocations=34 (full 2):
 PSYoungGen      total 18432K, used 18427K [0x00000000d5580000, 0x00000000d6f80000, 0x0000000100000000)
  eden space 16384K, 100% used [0x00000000d5580000,0x00000000d6580000,0x00000000d6580000)
  from space 2048K, 99% used [0x00000000d6880000,0x00000000d6a7ed88,0x00000000d6a80000)
  to   space 5120K, 0% used [0x00000000d6a80000,0x00000000d6a80000,0x00000000d6f80000)
 ParOldGen       total 68608K, used 49821K [0x0000000080000000, 0x0000000084300000, 0x00000000d5580000)
  object space 68608K, 72% used [0x0000000080000000,0x00000000830a76b8,0x0000000084300000)
 Metaspace       used 52851K, committed 54144K, reserved 1114112K
  class space    used 5600K, committed 6208K, reserved 1048576K
}
Event: 6.351 GC heap after
{Heap after GC invocations=34 (full 2):
 PSYoungGen      total 18432K, used 1835K [0x00000000d5580000, 0x00000000d6c80000, 0x0000000100000000)
  eden space 16384K, 0% used [0x00000000d5580000,0x00000000d5580000,0x00000000d6580000)
  from space 2048K, 89% used [0x00000000d6a80000,0x00000000d6c4ae18,0x00000000d6c80000)
  to   space 3072K, 0% used [0x00000000d6680000,0x00000000d6680000,0x00000000d6980000)
 ParOldGen       total 68608K, used 51880K [0x0000000080000000, 0x0000000084300000, 0x00000000d5580000)
  object space 68608K, 75% used [0x0000000080000000,0x00000000832aa278,0x0000000084300000)
 Metaspace       used 52851K, committed 54144K, reserved 1114112K
  class space    used 5600K, committed 6208K, reserved 1048576K
}
Event: 6.446 GC heap before
{Heap before GC invocations=35 (full 2):
 PSYoungGen      total 18432K, used 18219K [0x00000000d5580000, 0x00000000d6c80000, 0x0000000100000000)
  eden space 16384K, 100% used [0x00000000d5580000,0x00000000d6580000,0x00000000d6580000)
  from space 2048K, 89% used [0x00000000d6a80000,0x00000000d6c4ae18,0x00000000d6c80000)
  to   space 3072K, 0% used [0x00000000d6680000,0x00000000d6680000,0x00000000d6980000)
 ParOldGen       total 68608K, used 51880K [0x0000000080000000, 0x0000000084300000, 0x00000000d5580000)
  object space 68608K, 75% used [0x0000000080000000,0x00000000832aa278,0x0000000084300000)
 Metaspace       used 53241K, committed 54656K, reserved 1114112K
  class space    used 5630K, committed 6272K, reserved 1048576K
}
Event: 6.448 GC heap after
{Heap after GC invocations=35 (full 2):
 PSYoungGen      total 17920K, used 1465K [0x00000000d5580000, 0x00000000d6b00000, 0x0000000100000000)
  eden space 16384K, 0% used [0x00000000d5580000,0x00000000d5580000,0x00000000d6580000)
  from space 1536K, 95% used [0x00000000d6680000,0x00000000d67ee4c8,0x00000000d6800000)
  to   space 2048K, 0% used [0x00000000d6900000,0x00000000d6900000,0x00000000d6b00000)
 ParOldGen       total 68608K, used 53388K [0x0000000080000000, 0x0000000084300000, 0x00000000d5580000)
  object space 68608K, 77% used [0x0000000080000000,0x0000000083423330,0x0000000084300000)
 Metaspace       used 53241K, committed 54656K, reserved 1114112K
  class space    used 5630K, committed 6272K, reserved 1048576K
}
Event: 6.627 GC heap before
{Heap before GC invocations=36 (full 2):
 PSYoungGen      total 17920K, used 17849K [0x00000000d5580000, 0x00000000d6b00000, 0x0000000100000000)
  eden space 16384K, 100% used [0x00000000d5580000,0x00000000d6580000,0x00000000d6580000)
  from space 1536K, 95% used [0x00000000d6680000,0x00000000d67ee4c8,0x00000000d6800000)
  to   space 2048K, 0% used [0x00000000d6900000,0x00000000d6900000,0x00000000d6b00000)
 ParOldGen       total 68608K, used 53388K [0x0000000080000000, 0x0000000084300000, 0x00000000d5580000)
  object space 68608K, 77% used [0x0000000080000000,0x0000000083423330,0x0000000084300000)
 Metaspace       used 54297K, committed 55680K, reserved 1114112K
  class space    used 5706K, committed 6336K, reserved 1048576K
}
Event: 6.629 GC heap after
{Heap after GC invocations=36 (full 2):
 PSYoungGen      total 17408K, used 2029K [0x00000000d5580000, 0x00000000d6e80000, 0x0000000100000000)
  eden space 15360K, 0% used [0x00000000d5580000,0x00000000d5580000,0x00000000d6480000)
  from space 2048K, 99% used [0x00000000d6900000,0x00000000d6afb410,0x00000000d6b00000)
  to   space 4608K, 0% used [0x00000000d6480000,0x00000000d6480000,0x00000000d6900000)
 ParOldGen       total 68608K, used 55418K [0x0000000080000000, 0x0000000084300000, 0x00000000d5580000)
  object space 68608K, 80% used [0x0000000080000000,0x000000008361e968,0x0000000084300000)
 Metaspace       used 54297K, committed 55680K, reserved 1114112K
  class space    used 5706K, committed 6336K, reserved 1048576K
}
Event: 6.958 GC heap before
{Heap before GC invocations=37 (full 2):
 PSYoungGen      total 17408K, used 17389K [0x00000000d5580000, 0x00000000d6e80000, 0x0000000100000000)
  eden space 15360K, 100% used [0x00000000d5580000,0x00000000d6480000,0x00000000d6480000)
  from space 2048K, 99% used [0x00000000d6900000,0x00000000d6afb410,0x00000000d6b00000)
  to   space 4608K, 0% used [0x00000000d6480000,0x00000000d6480000,0x00000000d6900000)
 ParOldGen       total 68608K, used 55418K [0x0000000080000000, 0x0000000084300000, 0x00000000d5580000)
  object space 68608K, 80% used [0x0000000080000000,0x000000008361e968,0x0000000084300000)
 Metaspace       used 56017K, committed 57408K, reserved 1114112K
  class space    used 5901K, committed 6528K, reserved 1048576K
}
Event: 6.961 GC heap after
{Heap after GC invocations=37 (full 2):
 PSYoungGen      total 16896K, used 1520K [0x00000000d5580000, 0x00000000d6980000, 0x0000000100000000)
  eden space 15360K, 0% used [0x00000000d5580000,0x00000000d5580000,0x00000000d6480000)
  from space 1536K, 98% used [0x00000000d6480000,0x00000000d65fc010,0x00000000d6600000)
  to   space 2560K, 0% used [0x00000000d6700000,0x00000000d6700000,0x00000000d6980000)
 ParOldGen       total 68608K, used 57506K [0x0000000080000000, 0x0000000084300000, 0x00000000d5580000)
  object space 68608K, 83% used [0x0000000080000000,0x0000000083828880,0x0000000084300000)
 Metaspace       used 56017K, committed 57408K, reserved 1114112K
  class space    used 5901K, committed 6528K, reserved 1048576K
}
Event: 7.188 GC heap before
{Heap before GC invocations=38 (full 2):
 PSYoungGen      total 16896K, used 16880K [0x00000000d5580000, 0x00000000d6980000, 0x0000000100000000)
  eden space 15360K, 100% used [0x00000000d5580000,0x00000000d6480000,0x00000000d6480000)
  from space 1536K, 98% used [0x00000000d6480000,0x00000000d65fc010,0x00000000d6600000)
  to   space 2560K, 0% used [0x00000000d6700000,0x00000000d6700000,0x00000000d6980000)
 ParOldGen       total 68608K, used 57506K [0x0000000080000000, 0x0000000084300000, 0x00000000d5580000)
  object space 68608K, 83% used [0x0000000080000000,0x0000000083828880,0x0000000084300000)
 Metaspace       used 57605K, committed 59008K, reserved 1114112K
  class space    used 6112K, committed 6720K, reserved 1048576K
}
Event: 7.190 GC heap after
{Heap after GC invocations=38 (full 2):
 PSYoungGen      total 16896K, used 1152K [0x00000000d5580000, 0x00000000d6880000, 0x0000000100000000)
  eden space 15360K, 0% used [0x00000000d5580000,0x00000000d5580000,0x00000000d6480000)
  from space 1536K, 75% used [0x00000000d6700000,0x00000000d6820010,0x00000000d6880000)
  to   space 1536K, 0% used [0x00000000d6480000,0x00000000d6480000,0x00000000d6600000)
 ParOldGen       total 68608K, used 58744K [0x0000000080000000, 0x0000000084300000, 0x00000000d5580000)
  object space 68608K, 85% used [0x0000000080000000,0x000000008395e280,0x0000000084300000)
 Metaspace       used 57605K, committed 59008K, reserved 1114112K
  class space    used 6112K, committed 6720K, reserved 1048576K
}
Event: 7.291 GC heap before
{Heap before GC invocations=39 (full 2):
 PSYoungGen      total 16896K, used 8580K [0x00000000d5580000, 0x00000000d6880000, 0x0000000100000000)
  eden space 15360K, 48% used [0x00000000d5580000,0x00000000d5cc1010,0x00000000d6480000)
  from space 1536K, 75% used [0x00000000d6700000,0x00000000d6820010,0x00000000d6880000)
  to   space 1536K, 0% used [0x00000000d6480000,0x00000000d6480000,0x00000000d6600000)
 ParOldGen       total 68608K, used 58744K [0x0000000080000000, 0x0000000084300000, 0x00000000d5580000)
  object space 68608K, 85% used [0x0000000080000000,0x000000008395e280,0x0000000084300000)
 Metaspace       used 58482K, committed 59776K, reserved 1114112K
  class space    used 6217K, committed 6784K, reserved 1048576K
}
Event: 7.293 GC heap after
{Heap after GC invocations=39 (full 2):
 PSYoungGen      total 16896K, used 754K [0x00000000d5580000, 0x00000000d6780000, 0x0000000100000000)
  eden space 15360K, 0% used [0x00000000d5580000,0x00000000d5580000,0x00000000d6480000)
  from space 1536K, 49% used [0x00000000d6480000,0x00000000d653c980,0x00000000d6600000)
  to   space 1024K, 0% used [0x00000000d6680000,0x00000000d6680000,0x00000000d6780000)
 ParOldGen       total 68608K, used 59638K [0x0000000080000000, 0x0000000084300000, 0x00000000d5580000)
  object space 68608K, 86% used [0x0000000080000000,0x0000000083a3d940,0x0000000084300000)
 Metaspace       used 58482K, committed 59776K, reserved 1114112K
  class space    used 6217K, committed 6784K, reserved 1048576K
}
Event: 7.294 GC heap before
{Heap before GC invocations=40 (full 3):
 PSYoungGen      total 16896K, used 754K [0x00000000d5580000, 0x00000000d6780000, 0x0000000100000000)
  eden space 15360K, 0% used [0x00000000d5580000,0x00000000d5580000,0x00000000d6480000)
  from space 1536K, 49% used [0x00000000d6480000,0x00000000d653c980,0x00000000d6600000)
  to   space 1024K, 0% used [0x00000000d6680000,0x00000000d6680000,0x00000000d6780000)
 ParOldGen       total 68608K, used 59638K [0x0000000080000000, 0x0000000084300000, 0x00000000d5580000)
  object space 68608K, 86% used [0x0000000080000000,0x0000000083a3d940,0x0000000084300000)
 Metaspace       used 58482K, committed 59776K, reserved 1114112K
  class space    used 6217K, committed 6784K, reserved 1048576K
}
Event: 7.346 GC heap after
{Heap after GC invocations=40 (full 3):
 PSYoungGen      total 16896K, used 0K [0x00000000d5580000, 0x00000000d6780000, 0x0000000100000000)
  eden space 15360K, 0% used [0x00000000d5580000,0x00000000d5580000,0x00000000d6480000)
  from space 1536K, 0% used [0x00000000d6480000,0x00000000d6480000,0x00000000d6600000)
  to   space 1024K, 0% used [0x00000000d6680000,0x00000000d6680000,0x00000000d6780000)
 ParOldGen       total 68608K, used 47630K [0x0000000080000000, 0x0000000084300000, 0x00000000d5580000)
  object space 68608K, 69% used [0x0000000080000000,0x0000000082e83b48,0x0000000084300000)
 Metaspace       used 58482K, committed 59776K, reserved 1114112K
  class space    used 6217K, committed 6784K, reserved 1048576K
}

