# JRE version: OpenJDK Runtime Environment Temurin-21.0.10+7 (21.0.10+7) (build 21.0.10+7-LTS)
# Java VM: OpenJDK 64-Bit Server VM Temurin-21.0.10+7 (21.0.10+7-LTS, mixed mode, sharing, tiered, compressed oops, compressed class ptrs, parallel gc, windows-amd64)
GC Precious Log:
 CardTable entry size: 512
 CPUs: 22 total, 22 available
 Memory: 15828M
 Large Page Support: Disabled
 NUMA Support: Disabled
 Compressed Oops: Enabled (32-bit)
 Alignments: Space 512K, Generation 512K, Heap 2M
 Heap Min Capacity: 100M
 Heap Initial Capacity: 100M
 Heap Max Capacity: 2G
 Pre-touch: Disabled
 Parallel Workers: 16
Heap:
 PSYoungGen      total 17920K, used 3847K [0x00000000d5580000, 0x00000000d6a00000, 0x0000000100000000)
  eden space 14848K, 8% used [0x00000000d5580000,0x00000000d56c0e78,0x00000000d6400000)
  from space 3072K, 83% used [0x00000000d6400000,0x00000000d6681028,0x00000000d6700000)
  to   space 3072K, 0% used [0x00000000d6700000,0x00000000d6700000,0x00000000d6a00000)
 ParOldGen       total 68608K, used 56313K [0x0000000080000000, 0x0000000084300000, 0x00000000d5580000)
  object space 68608K, 82% used [0x0000000080000000,0x00000000836fe700,0x0000000084300000)
 Metaspace       used 55874K, committed 57280K, reserved 1114112K
  class space    used 5851K, committed 6464K, reserved 1048576K
GC Heap History (20 events):
Event: 5.421 GC heap after
{Heap after GC invocations=29 (full 2):
 PSYoungGen      total 20992K, used 1023K [0x00000000d5580000, 0x00000000d6d80000, 0x0000000100000000)
  eden space 19968K, 0% used [0x00000000d5580000,0x00000000d5580000,0x00000000d6900000)
  from space 1024K, 99% used [0x00000000d6c00000,0x00000000d6cffc00,0x00000000d6d00000)
  to   space 512K, 0% used [0x00000000d6d00000,0x00000000d6d00000,0x00000000d6d80000)
 ParOldGen       total 68608K, used 37783K [0x0000000080000000, 0x0000000084300000, 0x00000000d5580000)
  object space 68608K, 55% used [0x0000000080000000,0x00000000824e5dd0,0x0000000084300000)
 Metaspace       used 48766K, committed 49984K, reserved 1114112K
  class space    used 5132K, committed 5632K, reserved 1048576K
}
Event: 5.588 GC heap before
{Heap before GC invocations=30 (full 2):
 PSYoungGen      total 20992K, used 20991K [0x00000000d5580000, 0x00000000d6d80000, 0x0000000100000000)
  eden space 19968K, 100% used [0x00000000d5580000,0x00000000d6900000,0x00000000d6900000)
  from space 1024K, 99% used [0x00000000d6c00000,0x00000000d6cffc00,0x00000000d6d00000)
  to   space 512K, 0% used [0x00000000d6d00000,0x00000000d6d00000,0x00000000d6d80000)
 ParOldGen       total 68608K, used 37783K [0x0000000080000000, 0x0000000084300000, 0x00000000d5580000)
  object space 68608K, 55% used [0x0000000080000000,0x00000000824e5dd0,0x0000000084300000)
 Metaspace       used 50025K, committed 51328K, reserved 1114112K
  class space    used 5267K, committed 5824K, reserved 1048576K
}
Event: 5.591 GC heap after
{Heap after GC invocations=30 (full 2):
 PSYoungGen      total 15360K, used 487K [0x00000000d5580000, 0x00000000d7b00000, 0x0000000100000000)
  eden space 14848K, 0% used [0x00000000d5580000,0x00000000d5580000,0x00000000d6400000)
  from space 512K, 95% used [0x00000000d6d00000,0x00000000d6d79ce8,0x00000000d6d80000)
  to   space 9216K, 0% used [0x00000000d6400000,0x00000000d6400000,0x00000000d6d00000)
 ParOldGen       total 68608K, used 44983K [0x0000000080000000, 0x0000000084300000, 0x00000000d5580000)
  object space 68608K, 65% used [0x0000000080000000,0x0000000082bedca8,0x0000000084300000)
 Metaspace       used 50025K, committed 51328K, reserved 1114112K
  class space    used 5267K, committed 5824K, reserved 1048576K
}
Event: 5.680 GC heap before
{Heap before GC invocations=31 (full 2):
 PSYoungGen      total 15360K, used 15335K [0x00000000d5580000, 0x00000000d7b00000, 0x0000000100000000)
  eden space 14848K, 100% used [0x00000000d5580000,0x00000000d6400000,0x00000000d6400000)
  from space 512K, 95% used [0x00000000d6d00000,0x00000000d6d79ce8,0x00000000d6d80000)
  to   space 9216K, 0% used [0x00000000d6400000,0x00000000d6400000,0x00000000d6d00000)
 ParOldGen       total 68608K, used 44983K [0x0000000080000000, 0x0000000084300000, 0x00000000d5580000)
  object space 68608K, 65% used [0x0000000080000000,0x0000000082bedca8,0x0000000084300000)
 Metaspace       used 50372K, committed 51648K, reserved 1114112K
  class space    used 5312K, committed 5888K, reserved 1048576K
}
Event: 5.682 GC heap after
{Heap after GC invocations=31 (full 2):
 PSYoungGen      total 15872K, used 736K [0x00000000d5580000, 0x00000000d6d80000, 0x0000000100000000)
  eden space 14848K, 0% used [0x00000000d5580000,0x00000000d5580000,0x00000000d6400000)
  from space 1024K, 71% used [0x00000000d6400000,0x00000000d64b8000,0x00000000d6500000)
  to   space 3584K, 0% used [0x00000000d6a00000,0x00000000d6a00000,0x00000000d6d80000)
 ParOldGen       total 68608K, used 45470K [0x0000000080000000, 0x0000000084300000, 0x00000000d5580000)
  object space 68608K, 66% used [0x0000000080000000,0x0000000082c67a68,0x0000000084300000)
 Metaspace       used 50372K, committed 51648K, reserved 1114112K
  class space    used 5312K, committed 5888K, reserved 1048576K
}
Event: 5.747 GC heap before
{Heap before GC invocations=32 (full 2):
 PSYoungGen      total 15872K, used 15584K [0x00000000d5580000, 0x00000000d6d80000, 0x0000000100000000)
  eden space 14848K, 100% used [0x00000000d5580000,0x00000000d6400000,0x00000000d6400000)
  from space 1024K, 71% used [0x00000000d6400000,0x00000000d64b8000,0x00000000d6500000)
  to   space 3584K, 0% used [0x00000000d6a00000,0x00000000d6a00000,0x00000000d6d80000)
 ParOldGen       total 68608K, used 45470K [0x0000000080000000, 0x0000000084300000, 0x00000000d5580000)
  object space 68608K, 66% used [0x0000000080000000,0x0000000082c67a68,0x0000000084300000)
 Metaspace       used 50861K, committed 52096K, reserved 1114112K
  class space    used 5367K, committed 5888K, reserved 1048576K
}
Event: 5.749 GC heap after
{Heap after GC invocations=32 (full 2):
 PSYoungGen      total 15872K, used 718K [0x00000000d5580000, 0x00000000d6b00000, 0x0000000100000000)
  eden space 14848K, 0% used [0x00000000d5580000,0x00000000d5580000,0x00000000d6400000)
  from space 1024K, 70% used [0x00000000d6a00000,0x00000000d6ab3970,0x00000000d6b00000)
  to   space 1536K, 0% used [0x00000000d6800000,0x00000000d6800000,0x00000000d6980000)
 ParOldGen       total 68608K, used 45968K [0x0000000080000000, 0x0000000084300000, 0x00000000d5580000)
  object space 68608K, 67% used [0x0000000080000000,0x0000000082ce4340,0x0000000084300000)
 Metaspace       used 50861K, committed 52096K, reserved 1114112K
  class space    used 5367K, committed 5888K, reserved 1048576K
}
Event: 5.825 GC heap before
{Heap before GC invocations=33 (full 2):
 PSYoungGen      total 15872K, used 15566K [0x00000000d5580000, 0x00000000d6b00000, 0x0000000100000000)
  eden space 14848K, 100% used [0x00000000d5580000,0x00000000d6400000,0x00000000d6400000)
  from space 1024K, 70% used [0x00000000d6a00000,0x00000000d6ab3970,0x00000000d6b00000)
  to   space 1536K, 0% used [0x00000000d6800000,0x00000000d6800000,0x00000000d6980000)
 ParOldGen       total 68608K, used 45968K [0x0000000080000000, 0x0000000084300000, 0x00000000d5580000)
  object space 68608K, 67% used [0x0000000080000000,0x0000000082ce4340,0x0000000084300000)
 Metaspace       used 51770K, committed 53120K, reserved 1114112K
  class space    used 5478K, committed 6080K, reserved 1048576K
}
Event: 5.827 GC heap after
{Heap after GC invocations=33 (full 2):
 PSYoungGen      total 16384K, used 1512K [0x00000000d5580000, 0x00000000d6a80000, 0x0000000100000000)
  eden space 14848K, 0% used [0x00000000d5580000,0x00000000d5580000,0x00000000d6400000)
  from space 1536K, 98% used [0x00000000d6800000,0x00000000d697a020,0x00000000d6980000)
  to   space 1024K, 0% used [0x00000000d6980000,0x00000000d6980000,0x00000000d6a80000)
 ParOldGen       total 68608K, used 46575K [0x0000000080000000, 0x0000000084300000, 0x00000000d5580000)
  object space 68608K, 67% used [0x0000000080000000,0x0000000082d7bcb0,0x0000000084300000)
 Metaspace       used 51770K, committed 53120K, reserved 1114112K
  class space    used 5478K, committed 6080K, reserved 1048576K
}
Event: 5.950 GC heap before
{Heap before GC invocations=34 (full 2):
 PSYoungGen      total 16384K, used 16360K [0x00000000d5580000, 0x00000000d6a80000, 0x0000000100000000)
  eden space 14848K, 100% used [0x00000000d5580000,0x00000000d6400000,0x00000000d6400000)
  from space 1536K, 98% used [0x00000000d6800000,0x00000000d697a020,0x00000000d6980000)
  to   space 1024K, 0% used [0x00000000d6980000,0x00000000d6980000,0x00000000d6a80000)
 ParOldGen       total 68608K, used 46575K [0x0000000080000000, 0x0000000084300000, 0x00000000d5580000)
  object space 68608K, 67% used [0x0000000080000000,0x0000000082d7bcb0,0x0000000084300000)
 Metaspace       used 52376K, committed 53632K, reserved 1114112K
  class space    used 5541K, committed 6080K, reserved 1048576K
}
Event: 5.953 GC heap after
{Heap after GC invocations=34 (full 2):
 PSYoungGen      total 15872K, used 1022K [0x00000000d5580000, 0x00000000d6e00000, 0x0000000100000000)
  eden space 14848K, 0% used [0x00000000d5580000,0x00000000d5580000,0x00000000d6400000)
  from space 1024K, 99% used [0x00000000d6980000,0x00000000d6a7fbc0,0x00000000d6a80000)
  to   space 5120K, 0% used [0x00000000d6400000,0x00000000d6400000,0x00000000d6900000)
 ParOldGen       total 68608K, used 49965K [0x0000000080000000, 0x0000000084300000, 0x00000000d5580000)
  object space 68608K, 72% used [0x0000000080000000,0x00000000830cb6f0,0x0000000084300000)
 Metaspace       used 52376K, committed 53632K, reserved 1114112K
  class space    used 5541K, committed 6080K, reserved 1048576K
}
Event: 6.063 GC heap before
{Heap before GC invocations=35 (full 2):
 PSYoungGen      total 15872K, used 15870K [0x00000000d5580000, 0x00000000d6e00000, 0x0000000100000000)
  eden space 14848K, 100% used [0x00000000d5580000,0x00000000d6400000,0x00000000d6400000)
  from space 1024K, 99% used [0x00000000d6980000,0x00000000d6a7fbc0,0x00000000d6a80000)
  to   space 5120K, 0% used [0x00000000d6400000,0x00000000d6400000,0x00000000d6900000)
 ParOldGen       total 68608K, used 49965K [0x0000000080000000, 0x0000000084300000, 0x00000000d5580000)
  object space 68608K, 72% used [0x0000000080000000,0x00000000830cb6f0,0x0000000084300000)
 Metaspace       used 53102K, committed 54400K, reserved 1114112K
  class space    used 5633K, committed 6208K, reserved 1048576K
}
Event: 6.066 GC heap after
{Heap after GC invocations=35 (full 2):
 PSYoungGen      total 17408K, used 2239K [0x00000000d5580000, 0x00000000d6a00000, 0x0000000100000000)
  eden space 14848K, 0% used [0x00000000d5580000,0x00000000d5580000,0x00000000d6400000)
  from space 2560K, 87% used [0x00000000d6400000,0x00000000d662fdc8,0x00000000d6680000)
  to   space 3072K, 0% used [0x00000000d6700000,0x00000000d6700000,0x00000000d6a00000)
 ParOldGen       total 68608K, used 50933K [0x0000000080000000, 0x0000000084300000, 0x00000000d5580000)
  object space 68608K, 74% used [0x0000000080000000,0x00000000831bd620,0x0000000084300000)
 Metaspace       used 53102K, committed 54400K, reserved 1114112K
  class space    used 5633K, committed 6208K, reserved 1048576K
}
Event: 6.205 GC heap before
{Heap before GC invocations=36 (full 2):
 PSYoungGen      total 17408K, used 17087K [0x00000000d5580000, 0x00000000d6a00000, 0x0000000100000000)
  eden space 14848K, 100% used [0x00000000d5580000,0x00000000d6400000,0x00000000d6400000)
  from space 2560K, 87% used [0x00000000d6400000,0x00000000d662fdc8,0x00000000d6680000)
  to   space 3072K, 0% used [0x00000000d6700000,0x00000000d6700000,0x00000000d6a00000)
 ParOldGen       total 68608K, used 50933K [0x0000000080000000, 0x0000000084300000, 0x00000000d5580000)
  object space 68608K, 74% used [0x0000000080000000,0x00000000831bd620,0x0000000084300000)
 Metaspace       used 53986K, committed 55232K, reserved 1114112K
  class space    used 5710K, committed 6272K, reserved 1048576K
}
Event: 6.207 GC heap after
{Heap after GC invocations=36 (full 2):
 PSYoungGen      total 17920K, used 2713K [0x00000000d5580000, 0x00000000d6a00000, 0x0000000100000000)
  eden space 14848K, 0% used [0x00000000d5580000,0x00000000d5580000,0x00000000d6400000)
  from space 3072K, 88% used [0x00000000d6700000,0x00000000d69a6700,0x00000000d6a00000)
  to   space 3072K, 0% used [0x00000000d6400000,0x00000000d6400000,0x00000000d6700000)
 ParOldGen       total 68608K, used 52822K [0x0000000080000000, 0x0000000084300000, 0x00000000d5580000)
  object space 68608K, 76% used [0x0000000080000000,0x0000000083395af0,0x0000000084300000)
 Metaspace       used 53986K, committed 55232K, reserved 1114112K
  class space    used 5710K, committed 6272K, reserved 1048576K
}
Event: 6.277 GC heap before
{Heap before GC invocations=37 (full 2):
 PSYoungGen      total 17920K, used 17561K [0x00000000d5580000, 0x00000000d6a00000, 0x0000000100000000)
  eden space 14848K, 100% used [0x00000000d5580000,0x00000000d6400000,0x00000000d6400000)
  from space 3072K, 88% used [0x00000000d6700000,0x00000000d69a6700,0x00000000d6a00000)
  to   space 3072K, 0% used [0x00000000d6400000,0x00000000d6400000,0x00000000d6700000)
 ParOldGen       total 68608K, used 52822K [0x0000000080000000, 0x0000000084300000, 0x00000000d5580000)
  object space 68608K, 76% used [0x0000000080000000,0x0000000083395af0,0x0000000084300000)
 Metaspace       used 54432K, committed 55744K, reserved 1114112K
  class space    used 5747K, committed 6336K, reserved 1048576K
}
Event: 6.278 GC heap after
{Heap after GC invocations=37 (full 2):
 PSYoungGen      total 17920K, used 2793K [0x00000000d5580000, 0x00000000d6a00000, 0x0000000100000000)
  eden space 14848K, 0% used [0x00000000d5580000,0x00000000d5580000,0x00000000d6400000)
  from space 3072K, 90% used [0x00000000d6400000,0x00000000d66ba538,0x00000000d6700000)
  to   space 3072K, 0% used [0x00000000d6700000,0x00000000d6700000,0x00000000d6a00000)
 ParOldGen       total 68608K, used 54292K [0x0000000080000000, 0x0000000084300000, 0x00000000d5580000)
  object space 68608K, 79% used [0x0000000080000000,0x0000000083505328,0x0000000084300000)
 Metaspace       used 54432K, committed 55744K, reserved 1114112K
  class space    used 5747K, committed 6336K, reserved 1048576K
}
Event: 7.398 GC heap before
{Heap before GC invocations=38 (full 2):
 PSYoungGen      total 17920K, used 17641K [0x00000000d5580000, 0x00000000d6a00000, 0x0000000100000000)
  eden space 14848K, 100% used [0x00000000d5580000,0x00000000d6400000,0x00000000d6400000)
  from space 3072K, 90% used [0x00000000d6400000,0x00000000d66ba538,0x00000000d6700000)
  to   space 3072K, 0% used [0x00000000d6700000,0x00000000d6700000,0x00000000d6a00000)
 ParOldGen       total 68608K, used 54292K [0x0000000080000000, 0x0000000084300000, 0x00000000d5580000)
  object space 68608K, 79% used [0x0000000080000000,0x0000000083505328,0x0000000084300000)
 Metaspace       used 54865K, committed 56192K, reserved 1114112K
  class space    used 5770K, committed 6336K, reserved 1048576K
}
Event: 9.410 GC heap after
{Heap after GC invocations=38 (full 2):
 PSYoungGen      total 17920K, used 3038K [0x00000000d5580000, 0x00000000d6a00000, 0x0000000100000000)
  eden space 14848K, 0% used [0x00000000d5580000,0x00000000d5580000,0x00000000d6400000)
  from space 3072K, 98% used [0x00000000d6700000,0x00000000d69f7a88,0x00000000d6a00000)
  to   space 3072K, 0% used [0x00000000d6400000,0x00000000d6400000,0x00000000d6700000)
 ParOldGen       total 68608K, used 55246K [0x0000000080000000, 0x0000000084300000, 0x00000000d5580000)
  object space 68608K, 80% used [0x0000000080000000,0x00000000835f39e0,0x0000000084300000)
 Metaspace       used 54865K, committed 56192K, reserved 1114112K
  class space    used 5770K, committed 6336K, reserved 1048576K
}
Event: 11.667 GC heap before
{Heap before GC invocations=39 (full 2):
 PSYoungGen      total 17920K, used 17886K [0x00000000d5580000, 0x00000000d6a00000, 0x0000000100000000)
  eden space 14848K, 100% used [0x00000000d5580000,0x00000000d6400000,0x00000000d6400000)
  from space 3072K, 98% used [0x00000000d6700000,0x00000000d69f7a88,0x00000000d6a00000)
  to   space 3072K, 0% used [0x00000000d6400000,0x00000000d6400000,0x00000000d6700000)
 ParOldGen       total 68608K, used 55246K [0x0000000080000000, 0x0000000084300000, 0x00000000d5580000)
  object space 68608K, 80% used [0x0000000080000000,0x00000000835f39e0,0x0000000084300000)
 Metaspace       used 55775K, committed 57088K, reserved 1114112K
  class space    used 5841K, committed 6464K, reserved 1048576K
}

