# JRE version: OpenJDK Runtime Environment Temurin-21.0.10+7 (21.0.10+7) (build 21.0.10+7-LTS)
# Java VM: OpenJDK 64-Bit Server VM Temurin-21.0.10+7 (21.0.10+7-LTS, mixed mode, sharing, tiered, compressed oops, compressed class ptrs, parallel gc, windows-amd64)
GC Precious Log:
 CardTable entry size: 512
 CPUs: 22 total, 22 available
 Memory: 15828M
 Large Page Support: Disabled
 NUMA Support: Disabled
 Compressed Oops: Enabled (32-bit)
 Alignments: Space 512K, Generation 512K, Heap 2M
 Heap Min Capacity: 100M
 Heap Initial Capacity: 100M
 Heap Max Capacity: 2G
 Pre-touch: Disabled
 Parallel Workers: 16
Heap:
 PSYoungGen      total 6144K, used 3492K [0x00000000d5580000, 0x00000000d5d00000, 0x0000000100000000)
  eden space 4608K, 56% used [0x00000000d5580000,0x00000000d580d070,0x00000000d5a00000)
  from space 1536K, 57% used [0x00000000d5a00000,0x00000000d5adc010,0x00000000d5b80000)
  to   space 1024K, 0% used [0x00000000d5c00000,0x00000000d5c00000,0x00000000d5d00000)
 ParOldGen       total 1303552K, used 1303332K [0x0000000080000000, 0x00000000cf900000, 0x00000000d5580000)
  object space 1303552K, 99% used [0x0000000080000000,0x00000000cf8c9170,0x00000000cf900000)
 Metaspace       used 111679K, committed 113472K, reserved 1179648K
  class space    used 10963K, committed 11840K, reserved 1048576K
GC Heap History (20 events):
Event: 64951.376 GC heap before
{Heap before GC invocations=9455 (full 10):
 PSYoungGen      total 4096K, used 3933K [0x00000000d5580000, 0x00000000d5a80000, 0x0000000100000000)
  eden space 3072K, 100% used [0x00000000d5580000,0x00000000d5880000,0x00000000d5880000)
  from space 1024K, 84% used [0x00000000d5980000,0x00000000d5a576f0,0x00000000d5a80000)
  to   space 1024K, 0% used [0x00000000d5880000,0x00000000d5880000,0x00000000d5980000)
 ParOldGen       total 1297920K, used 1297626K [0x0000000080000000, 0x00000000cf380000, 0x00000000d5580000)
  object space 1297920K, 99% used [0x0000000080000000,0x00000000cf336b08,0x00000000cf380000)
 Metaspace       used 111679K, committed 113472K, reserved 1179648K
  class space    used 10963K, committed 11840K, reserved 1048576K
}
Event: 64951.379 GC heap after
{Heap after GC invocations=9455 (full 10):
 PSYoungGen      total 4096K, used 468K [0x00000000d5580000, 0x00000000d5b80000, 0x0000000100000000)
  eden space 3072K, 0% used [0x00000000d5580000,0x00000000d5580000,0x00000000d5880000)
  from space 1024K, 45% used [0x00000000d5880000,0x00000000d58f5108,0x00000000d5980000)
  to   space 1024K, 0% used [0x00000000d5a80000,0x00000000d5a80000,0x00000000d5b80000)
 ParOldGen       total 1297920K, used 1297674K [0x0000000080000000, 0x00000000cf380000, 0x00000000d5580000)
  object space 1297920K, 99% used [0x0000000080000000,0x00000000cf342b08,0x00000000cf380000)
 Metaspace       used 111679K, committed 113472K, reserved 1179648K
  class space    used 10963K, committed 11840K, reserved 1048576K
}
Event: 64951.718 GC heap before
{Heap before GC invocations=9456 (full 10):
 PSYoungGen      total 4096K, used 3540K [0x00000000d5580000, 0x00000000d5b80000, 0x0000000100000000)
  eden space 3072K, 100% used [0x00000000d5580000,0x00000000d5880000,0x00000000d5880000)
  from space 1024K, 45% used [0x00000000d5880000,0x00000000d58f5108,0x00000000d5980000)
  to   space 1024K, 0% used [0x00000000d5a80000,0x00000000d5a80000,0x00000000d5b80000)
 ParOldGen       total 1297920K, used 1297674K [0x0000000080000000, 0x00000000cf380000, 0x00000000d5580000)
  object space 1297920K, 99% used [0x0000000080000000,0x00000000cf342b08,0x00000000cf380000)
 Metaspace       used 111679K, committed 113472K, reserved 1179648K
  class space    used 10963K, committed 11840K, reserved 1048576K
}
Event: 64951.731 GC heap after
{Heap after GC invocations=9456 (full 10):
 PSYoungGen      total 5120K, used 576K [0x00000000d5580000, 0x00000000d5b80000, 0x0000000100000000)
  eden space 4096K, 0% used [0x00000000d5580000,0x00000000d5580000,0x00000000d5980000)
  from space 1024K, 56% used [0x00000000d5a80000,0x00000000d5b10000,0x00000000d5b80000)
  to   space 1024K, 0% used [0x00000000d5980000,0x00000000d5980000,0x00000000d5a80000)
 ParOldGen       total 1297920K, used 1297799K [0x0000000080000000, 0x00000000cf380000, 0x00000000d5580000)
  object space 1297920K, 99% used [0x0000000080000000,0x00000000cf361c10,0x00000000cf380000)
 Metaspace       used 111679K, committed 113472K, reserved 1179648K
  class space    used 10963K, committed 11840K, reserved 1048576K
}
Event: 64951.805 GC heap before
{Heap before GC invocations=9457 (full 10):
 PSYoungGen      total 5120K, used 4672K [0x00000000d5580000, 0x00000000d5b80000, 0x0000000100000000)
  eden space 4096K, 100% used [0x00000000d5580000,0x00000000d5980000,0x00000000d5980000)
  from space 1024K, 56% used [0x00000000d5a80000,0x00000000d5b10000,0x00000000d5b80000)
  to   space 1024K, 0% used [0x00000000d5980000,0x00000000d5980000,0x00000000d5a80000)
 ParOldGen       total 1297920K, used 1297799K [0x0000000080000000, 0x00000000cf380000, 0x00000000d5580000)
  object space 1297920K, 99% used [0x0000000080000000,0x00000000cf361c10,0x00000000cf380000)
 Metaspace       used 111679K, committed 113472K, reserved 1179648K
  class space    used 10963K, committed 11840K, reserved 1048576K
}
Event: 64951.808 GC heap after
{Heap after GC invocations=9457 (full 10):
 PSYoungGen      total 5120K, used 1014K [0x00000000d5580000, 0x00000000d5d80000, 0x0000000100000000)
  eden space 4096K, 0% used [0x00000000d5580000,0x00000000d5580000,0x00000000d5980000)
  from space 1024K, 99% used [0x00000000d5980000,0x00000000d5a7db70,0x00000000d5a80000)
  to   space 2048K, 0% used [0x00000000d5b80000,0x00000000d5b80000,0x00000000d5d80000)
 ParOldGen       total 1298432K, used 1298423K [0x0000000080000000, 0x00000000cf400000, 0x00000000d5580000)
  object space 1298432K, 99% used [0x0000000080000000,0x00000000cf3fdc10,0x00000000cf400000)
 Metaspace       used 111679K, committed 113472K, reserved 1179648K
  class space    used 10963K, committed 11840K, reserved 1048576K
}
Event: 64951.832 GC heap before
{Heap before GC invocations=9458 (full 10):
 PSYoungGen      total 5120K, used 5110K [0x00000000d5580000, 0x00000000d5d80000, 0x0000000100000000)
  eden space 4096K, 100% used [0x00000000d5580000,0x00000000d5980000,0x00000000d5980000)
  from space 1024K, 99% used [0x00000000d5980000,0x00000000d5a7db70,0x00000000d5a80000)
  to   space 2048K, 0% used [0x00000000d5b80000,0x00000000d5b80000,0x00000000d5d80000)
 ParOldGen       total 1298432K, used 1298423K [0x0000000080000000, 0x00000000cf400000, 0x00000000d5580000)
  object space 1298432K, 99% used [0x0000000080000000,0x00000000cf3fdc10,0x00000000cf400000)
 Metaspace       used 111679K, committed 113472K, reserved 1179648K
  class space    used 10963K, committed 11840K, reserved 1048576K
}
Event: 64951.840 GC heap after
{Heap after GC invocations=9458 (full 10):
 PSYoungGen      total 5632K, used 1312K [0x00000000d5580000, 0x00000000d5d00000, 0x0000000100000000)
  eden space 4096K, 0% used [0x00000000d5580000,0x00000000d5580000,0x00000000d5980000)
  from space 1536K, 85% used [0x00000000d5b80000,0x00000000d5cc8060,0x00000000d5d00000)
  to   space 1536K, 0% used [0x00000000d5a00000,0x00000000d5a00000,0x00000000d5b80000)
 ParOldGen       total 1299968K, used 1299511K [0x0000000080000000, 0x00000000cf580000, 0x00000000d5580000)
  object space 1299968K, 99% used [0x0000000080000000,0x00000000cf50df58,0x00000000cf580000)
 Metaspace       used 111679K, committed 113472K, reserved 1179648K
  class space    used 10963K, committed 11840K, reserved 1048576K
}
Event: 64952.473 GC heap before
{Heap before GC invocations=9459 (full 10):
 PSYoungGen      total 5632K, used 5408K [0x00000000d5580000, 0x00000000d5d00000, 0x0000000100000000)
  eden space 4096K, 100% used [0x00000000d5580000,0x00000000d5980000,0x00000000d5980000)
  from space 1536K, 85% used [0x00000000d5b80000,0x00000000d5cc8060,0x00000000d5d00000)
  to   space 1536K, 0% used [0x00000000d5a00000,0x00000000d5a00000,0x00000000d5b80000)
 ParOldGen       total 1299968K, used 1299511K [0x0000000080000000, 0x00000000cf580000, 0x00000000d5580000)
  object space 1299968K, 99% used [0x0000000080000000,0x00000000cf50df58,0x00000000cf580000)
 Metaspace       used 111679K, committed 113472K, reserved 1179648K
  class space    used 10963K, committed 11840K, reserved 1048576K
}
Event: 64952.476 GC heap after
{Heap after GC invocations=9459 (full 10):
 PSYoungGen      total 5120K, used 800K [0x00000000d5580000, 0x00000000d5c00000, 0x0000000100000000)
  eden space 4096K, 0% used [0x00000000d5580000,0x00000000d5580000,0x00000000d5980000)
  from space 1024K, 78% used [0x00000000d5a00000,0x00000000d5ac8000,0x00000000d5b00000)
  to   space 1024K, 0% used [0x00000000d5b00000,0x00000000d5b00000,0x00000000d5c00000)
 ParOldGen       total 1300480K, used 1300145K [0x0000000080000000, 0x00000000cf600000, 0x00000000d5580000)
  object space 1300480K, 99% used [0x0000000080000000,0x00000000cf5ac760,0x00000000cf600000)
 Metaspace       used 111679K, committed 113472K, reserved 1179648K
  class space    used 10963K, committed 11840K, reserved 1048576K
}
Event: 64953.040 GC heap before
{Heap before GC invocations=9460 (full 10):
 PSYoungGen      total 5120K, used 4896K [0x00000000d5580000, 0x00000000d5c00000, 0x0000000100000000)
  eden space 4096K, 100% used [0x00000000d5580000,0x00000000d5980000,0x00000000d5980000)
  from space 1024K, 78% used [0x00000000d5a00000,0x00000000d5ac8000,0x00000000d5b00000)
  to   space 1024K, 0% used [0x00000000d5b00000,0x00000000d5b00000,0x00000000d5c00000)
 ParOldGen       total 1300480K, used 1300145K [0x0000000080000000, 0x00000000cf600000, 0x00000000d5580000)
  object space 1300480K, 99% used [0x0000000080000000,0x00000000cf5ac760,0x00000000cf600000)
 Metaspace       used 111679K, committed 113472K, reserved 1179648K
  class space    used 10963K, committed 11840K, reserved 1048576K
}
Event: 64953.043 GC heap after
{Heap after GC invocations=9460 (full 10):
 PSYoungGen      total 5120K, used 976K [0x00000000d5580000, 0x00000000d5c00000, 0x0000000100000000)
  eden space 4096K, 0% used [0x00000000d5580000,0x00000000d5580000,0x00000000d5980000)
  from space 1024K, 95% used [0x00000000d5b00000,0x00000000d5bf4010,0x00000000d5c00000)
  to   space 1024K, 0% used [0x00000000d5a00000,0x00000000d5a00000,0x00000000d5b00000)
 ParOldGen       total 1300480K, used 1300382K [0x0000000080000000, 0x00000000cf600000, 0x00000000d5580000)
  object space 1300480K, 99% used [0x0000000080000000,0x00000000cf5e7928,0x00000000cf600000)
 Metaspace       used 111679K, committed 113472K, reserved 1179648K
  class space    used 10963K, committed 11840K, reserved 1048576K
}
Event: 64953.056 GC heap before
{Heap before GC invocations=9461 (full 10):
 PSYoungGen      total 5120K, used 5072K [0x00000000d5580000, 0x00000000d5c00000, 0x0000000100000000)
  eden space 4096K, 100% used [0x00000000d5580000,0x00000000d5980000,0x00000000d5980000)
  from space 1024K, 95% used [0x00000000d5b00000,0x00000000d5bf4010,0x00000000d5c00000)
  to   space 1024K, 0% used [0x00000000d5a00000,0x00000000d5a00000,0x00000000d5b00000)
 ParOldGen       total 1300480K, used 1300382K [0x0000000080000000, 0x00000000cf600000, 0x00000000d5580000)
  object space 1300480K, 99% used [0x0000000080000000,0x00000000cf5e7928,0x00000000cf600000)
 Metaspace       used 111679K, committed 113472K, reserved 1179648K
  class space    used 10963K, committed 11840K, reserved 1048576K
}
Event: 64953.060 GC heap after
{Heap after GC invocations=9461 (full 10):
 PSYoungGen      total 5120K, used 1014K [0x00000000d5580000, 0x00000000d5d80000, 0x0000000100000000)
  eden space 4096K, 0% used [0x00000000d5580000,0x00000000d5580000,0x00000000d5980000)
  from space 1024K, 99% used [0x00000000d5a00000,0x00000000d5afdbf8,0x00000000d5b00000)
  to   space 2048K, 0% used [0x00000000d5b80000,0x00000000d5b80000,0x00000000d5d80000)
 ParOldGen       total 1301504K, used 1301203K [0x0000000080000000, 0x00000000cf700000, 0x00000000d5580000)
  object space 1301504K, 99% used [0x0000000080000000,0x00000000cf6b4cd8,0x00000000cf700000)
 Metaspace       used 111679K, committed 113472K, reserved 1179648K
  class space    used 10963K, committed 11840K, reserved 1048576K
}
Event: 64953.072 GC heap before
{Heap before GC invocations=9462 (full 10):
 PSYoungGen      total 5120K, used 3910K [0x00000000d5580000, 0x00000000d5d80000, 0x0000000100000000)
  eden space 4096K, 70% used [0x00000000d5580000,0x00000000d5853dc0,0x00000000d5980000)
  from space 1024K, 99% used [0x00000000d5a00000,0x00000000d5afdbf8,0x00000000d5b00000)
  to   space 2048K, 0% used [0x00000000d5b80000,0x00000000d5b80000,0x00000000d5d80000)
 ParOldGen       total 1301504K, used 1301203K [0x0000000080000000, 0x00000000cf700000, 0x00000000d5580000)
  object space 1301504K, 99% used [0x0000000080000000,0x00000000cf6b4cd8,0x00000000cf700000)
 Metaspace       used 111679K, committed 113472K, reserved 1179648K
  class space    used 10963K, committed 11840K, reserved 1048576K
}
Event: 64953.075 GC heap after
{Heap after GC invocations=9462 (full 10):
 PSYoungGen      total 5632K, used 1029K [0x00000000d5580000, 0x00000000d5d00000, 0x0000000100000000)
  eden space 4096K, 0% used [0x00000000d5580000,0x00000000d5580000,0x00000000d5980000)
  from space 1536K, 67% used [0x00000000d5b80000,0x00000000d5c814b8,0x00000000d5d00000)
  to   space 1536K, 0% used [0x00000000d5a00000,0x00000000d5a00000,0x00000000d5b80000)
 ParOldGen       total 1302528K, used 1302123K [0x0000000080000000, 0x00000000cf800000, 0x00000000d5580000)
  object space 1302528K, 99% used [0x0000000080000000,0x00000000cf79aec0,0x00000000cf800000)
 Metaspace       used 111679K, committed 113472K, reserved 1179648K
  class space    used 10963K, committed 11840K, reserved 1048576K
}
Event: 64953.090 GC heap before
{Heap before GC invocations=9463 (full 10):
 PSYoungGen      total 5632K, used 5125K [0x00000000d5580000, 0x00000000d5d00000, 0x0000000100000000)
  eden space 4096K, 100% used [0x00000000d5580000,0x00000000d5980000,0x00000000d5980000)
  from space 1536K, 67% used [0x00000000d5b80000,0x00000000d5c814b8,0x00000000d5d00000)
  to   space 1536K, 0% used [0x00000000d5a00000,0x00000000d5a00000,0x00000000d5b80000)
 ParOldGen       total 1302528K, used 1302123K [0x0000000080000000, 0x00000000cf800000, 0x00000000d5580000)
  object space 1302528K, 99% used [0x0000000080000000,0x00000000cf79aec0,0x00000000cf800000)
 Metaspace       used 111679K, committed 113472K, reserved 1179648K
  class space    used 10963K, committed 11840K, reserved 1048576K
}
Event: 64953.093 GC heap after
{Heap after GC invocations=9463 (full 10):
 PSYoungGen      total 5632K, used 1242K [0x00000000d5580000, 0x00000000d5c80000, 0x0000000100000000)
  eden space 4096K, 0% used [0x00000000d5580000,0x00000000d5580000,0x00000000d5980000)
  from space 1536K, 80% used [0x00000000d5a00000,0x00000000d5b36828,0x00000000d5b80000)
  to   space 1024K, 0% used [0x00000000d5b80000,0x00000000d5b80000,0x00000000d5c80000)
 ParOldGen       total 1303040K, used 1302952K [0x0000000080000000, 0x00000000cf880000, 0x00000000d5580000)
  object space 1303040K, 99% used [0x0000000080000000,0x00000000cf86a378,0x00000000cf880000)
 Metaspace       used 111679K, committed 113472K, reserved 1179648K
  class space    used 10963K, committed 11840K, reserved 1048576K
}
Event: 64953.389 GC heap before
{Heap before GC invocations=9464 (full 10):
 PSYoungGen      total 5632K, used 5338K [0x00000000d5580000, 0x00000000d5c80000, 0x0000000100000000)
  eden space 4096K, 100% used [0x00000000d5580000,0x00000000d5980000,0x00000000d5980000)
  from space 1536K, 80% used [0x00000000d5a00000,0x00000000d5b36828,0x00000000d5b80000)
  to   space 1024K, 0% used [0x00000000d5b80000,0x00000000d5b80000,0x00000000d5c80000)
 ParOldGen       total 1303040K, used 1302952K [0x0000000080000000, 0x00000000cf880000, 0x00000000d5580000)
  object space 1303040K, 99% used [0x0000000080000000,0x00000000cf86a378,0x00000000cf880000)
 Metaspace       used 111679K, committed 113472K, reserved 1179648K
  class space    used 10963K, committed 11840K, reserved 1048576K
}
Event: 64954.257 GC heap after
{Heap after GC invocations=9464 (full 10):
 PSYoungGen      total 5632K, used 1012K [0x00000000d5580000, 0x00000000d5d80000, 0x0000000100000000)
  eden space 4608K, 0% used [0x00000000d5580000,0x00000000d5580000,0x00000000d5a00000)
  from space 1024K, 98% used [0x00000000d5b80000,0x00000000d5c7d108,0x00000000d5c80000)
  to   space 1536K, 0% used [0x00000000d5a00000,0x00000000d5a00000,0x00000000d5b80000)
 ParOldGen       total 1303552K, used 1303159K [0x0000000080000000, 0x00000000cf900000, 0x00000000d5580000)
  object space 1303552K, 99% used [0x0000000080000000,0x00000000cf89dd90,0x00000000cf900000)
 Metaspace       used 111679K, committed 113472K, reserved 1179648K
  class space    used 10963K, committed 11840K, reserved 1048576K
}

